[2025-09-14 22:10:20,684] INFO in logging_config: Application startup - Logging configured successfully
[2025-09-14 22:10:20,684] WARNING in __init__: é…ç½®éªŒè¯è­¦å‘Š: SECRET_KEY should be set to a secure value, JWT_SECRET_KEY should be set to a secure value
[2025-09-14 22:10:20,801] INFO in run: å¯åŠ¨ç¯å¢ƒ: development
[2025-09-14 22:10:20,802] INFO in run: App: Football Management System v1.0.0 | Blueprints: 12
[2025-09-14 22:10:20,802] DEBUG in run: å·²æ³¨å†Œè“å›¾: ['auth', 'matches', 'events', 'teams', 'tournaments', 'competitions', 'seasons', 'player_history', 'team_history', 'stats', 'health', 'players']
[2025-09-14 22:10:20,886] INFO in base: SELECT DATABASE()
[2025-09-14 22:10:20,887] INFO in base: [raw sql] {}
[2025-09-14 22:10:20,893] INFO in base: SELECT @@sql_mode
[2025-09-14 22:10:20,894] INFO in base: [raw sql] {}
[2025-09-14 22:10:20,895] INFO in base: SELECT @@lower_case_table_names
[2025-09-14 22:10:20,896] INFO in base: [raw sql] {}
[2025-09-14 22:10:20,901] INFO in base: BEGIN (implicit)
[2025-09-14 22:10:20,902] INFO in base: COMMIT
[2025-09-14 22:10:20,903] INFO in run: æ•°æ®åº“è¡¨åˆ›å»ºæˆåŠŸ
[2025-09-14 22:10:20,904] INFO in run: å¯åŠ¨æœåŠ¡å™¨: http://0.0.0.0:5000
[2025-09-14 22:10:20,969] INFO in _internal: [31m[1mWARNING: This is a development server. Do not use it in a production deployment. Use a production WSGI server instead.[0m
 * Running on all addresses (0.0.0.0)
 * Running on http://127.0.0.1:5000
 * Running on http://100.64.189.122:5000
[2025-09-14 22:10:20,969] INFO in _internal: [33mPress CTRL+C to quit[0m
[2025-09-14 22:10:20,971] INFO in _internal:  * Restarting with stat
[2025-09-14 22:10:21,999] INFO in logging_config: Application startup - Logging configured successfully
[2025-09-14 22:10:22,000] WARNING in __init__: é…ç½®éªŒè¯è­¦å‘Š: SECRET_KEY should be set to a secure value, JWT_SECRET_KEY should be set to a secure value
[2025-09-14 22:10:22,123] INFO in run: å¯åŠ¨ç¯å¢ƒ: development
[2025-09-14 22:10:22,124] INFO in run: App: Football Management System v1.0.0 | Blueprints: 12
[2025-09-14 22:10:22,124] DEBUG in run: å·²æ³¨å†Œè“å›¾: ['auth', 'matches', 'events', 'teams', 'tournaments', 'competitions', 'seasons', 'player_history', 'team_history', 'stats', 'health', 'players']
[2025-09-14 22:10:22,149] INFO in base: SELECT DATABASE()
[2025-09-14 22:10:22,150] INFO in base: [raw sql] {}
[2025-09-14 22:10:22,153] INFO in base: SELECT @@sql_mode
[2025-09-14 22:10:22,154] INFO in base: [raw sql] {}
[2025-09-14 22:10:22,156] INFO in base: SELECT @@lower_case_table_names
[2025-09-14 22:10:22,157] INFO in base: [raw sql] {}
[2025-09-14 22:10:22,159] INFO in base: BEGIN (implicit)
[2025-09-14 22:10:22,160] INFO in base: COMMIT
[2025-09-14 22:10:22,162] INFO in run: æ•°æ®åº“è¡¨åˆ›å»ºæˆåŠŸ
[2025-09-14 22:10:22,163] INFO in run: å¯åŠ¨æœåŠ¡å™¨: http://0.0.0.0:5000
[2025-09-14 22:10:22,189] WARNING in _internal:  * Debugger is active!
[2025-09-14 22:10:22,199] INFO in _internal:  * Debugger PIN: 138-121-766
